[2025-10-20 10:12:36] === CONFIGURACION COMPLETA DE REPLICACION ===
[2025-10-20 10:12:36] Paso 1: Limpieza completa...
[2025-10-20 10:12:37] Paso 2: Iniciando contenedor primary...
[2025-10-20 10:12:39] Paso 3: Esperando a que PostgreSQL este listo...
[2025-10-20 10:12:39] Intento 1 de 30...
[2025-10-20 10:12:41] Intento 2 de 30...
[2025-10-20 10:12:43] Intento 3 de 30...
[2025-10-20 10:12:46] Intento 4 de 30...
[2025-10-20 10:12:49] Intento 5 de 30...
[2025-10-20 10:12:51] Intento 6 de 30...
[2025-10-20 10:12:53] Intento 7 de 30...
[2025-10-20 10:12:56] Intento 8 de 30...
[2025-10-20 10:12:56] PostgreSQL esta listo!
[2025-10-20 10:12:56] Paso 4: Configurando replicacion en primary...
[2025-10-20 10:12:57] Verificando configuracion...
[2025-10-20 10:12:57] Paso 5: Configurando autenticacion...
[2025-10-20 10:12:57] Paso 6: Reiniciando primary...
[2025-10-20 10:13:04] Paso 7: Iniciando standby y replica...
[2025-10-20 10:13:06] === CONFIGURACION COMPLETADA ===
[2025-10-20 10:13:06] Primary: localhost:5432
[2025-10-20 10:13:06] Standby: localhost:5433
[2025-10-20 10:13:06] Replica: localhost:5434
[2025-10-20 10:13:06] Usuario: postgres
[2025-10-20 10:13:06] Password: postgres
